<?xml version="1.0" encoding="UTF-8"?>
<testng-results ignored="0" total="1" passed="1" failed="0" skipped="0">
  <reporter-output>
  </reporter-output>
  <suite started-at="2023-03-27T13:57:06 IST" name="Default suite" finished-at="2023-03-27T13:57:06 IST" duration-ms="37">
    <groups>
    </groups>
    <test started-at="2023-03-27T13:57:06 IST" name="Default test" finished-at="2023-03-27T13:57:06 IST" duration-ms="37">
      <class name="practice.demo">
        <test-method signature="demo1()[pri:0, instance:practice.demo@14a2f921]" started-at="2023-03-27T13:57:06 IST" name="demo1" finished-at="2023-03-27T13:57:06 IST" duration-ms="7" status="PASS">
          <reporter-output>
          </reporter-output>
        </test-method> <!-- demo1 -->
      </class> <!-- practice.demo -->
    </test> <!-- Default test -->
  </suite> <!-- Default suite -->
</testng-results>
